app/build/outputs/logs/manifest-merger-debug-report.txt
-- Merging decision tree log ---
manifest
ADDED from src\main\AndroidManifest.xml:2:1-207:12
INJECTED from src\main\AndroidManifest.xml:2:1-207:12
INJECTED from src\main\AndroidManifest.xml:2:1-207:12
INJECTED from src\main\AndroidManifest.xml:2:1-207:12
MERGED from [com.android.support.constraint:constraint-layout:1.1.3] AndroidManifest.xml:2:1-11:12
MERGED from [com.github.dmytrodanylyk.android-process-button:library:1.0.4] AndroidManifest.xml:2:1-12:12
MERGED from [com.cloudinary:cloudinary-android:1.24.0] AndroidManifest.xml:2:1-15:12
MERGED from [com.journeyapps:zxing-android-embedded:3.4.0] AndroidManifest.xml:17:1-55:12
MERGED from [com.android.support:support-v4:28.0.0] AndroidManifest.xml:17:1-22:12
MERGED from [com.miguelcatalan:materialsearchview:1.4.0] AndroidManifest.xml:2:1-13:12
MERGED from [com.android.support:design:28.0.0] AndroidManifest.xml:17:1-24:12
MERGED from [com.afollestad.material-dialogs:core:0.9.6.0] AndroidManifest.xml:2:1-15:12
MERGED from [io.github.tonnyl:whatsnew:0.1.1] AndroidManifest.xml:2:1-13:12
MERGED from [com.android.support:recyclerview-v7:28.0.0] AndroidManifest.xml:17:1-22:12
MERGED from [com.github.blongho:world-country-data:v1.1.0] AndroidManifest.xml:2:1-11:12
MERGED from [com.android.support:cardview-v7:28.0.0] AndroidManifest.xml:17:1-22:12
MERGED from [com.airbnb.android:lottie:2.7.0] AndroidManifest.xml:2:1-13:12
MERGED from [com.github.takusemba:spotlight:1.6.1] AndroidManifest.xml:2:1-11:12
MERGED from [com.theartofdev.edmodo:android-image-cropper:2.7.0] AndroidManifest.xml:2:1-11:12
MERGED from [me.zhanghai.android.materialprogressbar:library:1.4.2] AndroidManifest.xml:6:1-16:12
MERGED from [com.android.support:appcompat-v7:28.0.0] AndroidManifest.xml:17:1-22:12
MERGED from [com.eftimoff:android-pathview:1.0.8] AndroidManifest.xml:2:1-14:12
MERGED from [com.patrickpissurno:ripple-effect:1.3.1] AndroidManifest.xml:2:1-14:12
MERGED from [org.osmdroid:osmdroid-android:6.0.2] AndroidManifest.xml:2:1-29:12
MERGED from [com.ToxicBakery.viewpager.transforms:view-pager-transforms:1.2.32] AndroidManifest.xml:17:1-27:12
MERGED from [com.jakewharton:butterknife:8.8.1] AndroidManifest.xml:2:1-7:12
MERGED from [android.arch.persistence.room:rxjava2:1.0.0] AndroidManifest.xml:17:1-24:12
MERGED from [android.arch.persistence.room:runtime:1.0.0] AndroidManifest.xml:17:1-24:12
MERGED from [com.github.juanlabrador:badgecounter:1.0.2] AndroidManifest.xml:2:1-12:12
MERGED from [io.reactivex.rxjava2:rxandroid:2.0.2] AndroidManifest.xml:15:1-21:12
MERGED from [android.arch.lifecycle:extensions:1.1.0] AndroidManifest.xml:17:1-30:12
MERGED from [com.android.support:support-fragment:28.0.0] AndroidManifest.xml:17:1-22:12
MERGED from [com.android.support:animated-vector-drawable:28.0.0] AndroidManifest.xml:17:1-22:12
MERGED from [com.android.support:support-core-ui:28.0.0] AndroidManifest.xml:17:1-22:12
MERGED from [com.android.support:support-core-utils:28.0.0] AndroidManifest.xml:17:1-22:12
MERGED from [com.android.support:loader:28.0.0] AndroidManifest.xml:17:1-22:12
MERGED from [android.arch.lifecycle:viewmodel:1.1.1] AndroidManifest.xml:17:1-22:12
MERGED from [com.google.android:flexbox:1.0.0] AndroidManifest.xml:17:1-27:12
MERGED from [com.github.mukeshsolanki:android-otpview-pinview:2.0.0] AndroidManifest.xml:2:1-11:12
MERGED from [com.github.vipulasri:timelineview:1.0.6] AndroidManifest.xml:2:1-17:12
MERGED from [com.android.support:support-media-compat:28.0.0] AndroidManifest.xml:17:1-22:12
MERGED from [com.android.support:support-vector-drawable:28.0.0] AndroidManifest.xml:17:1-22:12
MERGED from [com.android.support:transition:28.0.0] AndroidManifest.xml:17:1-22:12
MERGED from [com.android.support:viewpager:28.0.0] AndroidManifest.xml:17:1-22:12
MERGED from [com.android.support:coordinatorlayout:28.0.0] AndroidManifest.xml:17:1-22:12
MERGED from [com.android.support:drawerlayout:28.0.0] AndroidManifest.xml:17:1-22:12
MERGED from [com.android.support:slidingpanelayout:28.0.0] AndroidManifest.xml:17:1-22:12
MERGED from [com.android.support:customview:28.0.0] AndroidManifest.xml:17:1-22:12
MERGED from [com.android.support:swiperefreshlayout:28.0.0] AndroidManifest.xml:17:1-22:12
MERGED from [com.android.support:asynclayoutinflater:28.0.0] AndroidManifest.xml:17:1-22:12
MERGED from [com.android.support:support-compat:28.0.0] AndroidManifest.xml:17:1-24:12
MERGED from [com.android.support:versionedparcelable:28.0.0] AndroidManifest.xml:17:1-25:12
MERGED from [com.android.support:cursoradapter:28.0.0] AndroidManifest.xml:17:1-22:12
MERGED from [com.android.support:exifinterface:27.1.1] AndroidManifest.xml:17:1-22:12
MERGED from [android.arch.lifecycle:runtime:1.1.1] AndroidManifest.xml:17:1-22:12
MERGED from [com.android.support:documentfile:28.0.0] AndroidManifest.xml:17:1-22:12
MERGED from [com.android.support:localbroadcastmanager:28.0.0] AndroidManifest.xml:17:1-22:12
MERGED from [com.android.support:print:28.0.0] AndroidManifest.xml:17:1-22:12
MERGED from [com.android.support:interpolator:28.0.0] AndroidManifest.xml:17:1-22:12
MERGED from [android.arch.persistence:db-framework:1.0.0] AndroidManifest.xml:17:1-24:12
MERGED from [android.arch.persistence:db:1.0.0] AndroidManifest.xml:17:1-24:12
MERGED from [android.arch.lifecycle:livedata:1.1.1] AndroidManifest.xml:17:1-22:12
MERGED from [android.arch.lifecycle:livedata-core:1.1.1] AndroidManifest.xml:17:1-22:12
MERGED from [android.arch.core:runtime:1.1.1] AndroidManifest.xml:17:1-22:12
MERGED from [com.evernote:android-job:1.2.1] AndroidManifest.xml:2:1-65:12
INJECTED from src\main\AndroidManifest.xml:2:1-207:12
INJECTED from src\main\AndroidManifest.xml:2:1-207:12
INJECTED from src\main\AndroidManifest.xml:2:1-207:12
	package
		ADDED from src\main\AndroidManifest.xml:4:5-37
		INJECTED from src\main\AndroidManifest.xml
		INJECTED from src\main\AndroidManifest.xml
	android:versionName
		INJECTED from src\main\AndroidManifest.xml
		ADDED from src\main\AndroidManifest.xml:2:1-207:12
		INJECTED from src\main\AndroidManifest.xml
	xmlns:tools
		ADDED from src\main\AndroidManifest.xml:3:5-51
	android:versionCode
		INJECTED from src\main\AndroidManifest.xml
		ADDED from src\main\AndroidManifest.xml:2:1-207:12
		INJECTED from src\main\AndroidManifest.xml
	xmlns:android
		ADDED from src\main\AndroidManifest.xml:2:11-69
uses-feature#android.hardware.camera
ADDED from src\main\AndroidManifest.xml:6:5-60
MERGED from [com.journeyapps:zxing-android-embedded:3.4.0] AndroidManifest.xml:24:5-26:36
MERGED from [com.journeyapps:zxing-android-embedded:3.4.0] AndroidManifest.xml:24:5-26:36
	android:name
		ADDED from src\main\AndroidManifest.xml:6:19-57
uses-feature#android.hardware.camera.autofocus
ADDED from src\main\AndroidManifest.xml:7:5-9:36
MERGED from [com.journeyapps:zxing-android-embedded:3.4.0] AndroidManifest.xml:32:5-34:36
MERGED from [com.journeyapps:zxing-android-embedded:3.4.0] AndroidManifest.xml:32:5-34:36
	android:required
		ADDED from src\main\AndroidManifest.xml:9:9-33
	android:name
		ADDED from src\main\AndroidManifest.xml:8:9-57
uses-permission#android.permission.CAMERA
ADDED from src\main\AndroidManifest.xml:11:5-65
MERGED from [com.journeyapps:zxing-android-embedded:3.4.0] AndroidManifest.xml:21:5-65
MERGED from [com.journeyapps:zxing-android-embedded:3.4.0] AndroidManifest.xml:21:5-65
	android:name
		ADDED from src\main\AndroidManifest.xml:11:22-62
uses-permission#android.permission.WRITE_EXTERNAL_STORAGE
ADDED from src\main\AndroidManifest.xml:12:5-81
	android:name
		ADDED from src\main\AndroidManifest.xml:12:22-78
uses-permission#android.permission.BLUETOOTH
ADDED from src\main\AndroidManifest.xml:13:5-68
	android:name
		ADDED from src\main\AndroidManifest.xml:13:22-65
uses-permission#android.permission.WRITE_CONTACTS
ADDED from src\main\AndroidManifest.xml:14:5-73
	android:name
		ADDED from src\main\AndroidManifest.xml:14:22-70
uses-permission#android.permission.BLUETOOTH_ADMIN
ADDED from src\main\AndroidManifest.xml:15:5-74
	android:name
		ADDED from src\main\AndroidManifest.xml:15:22-71
uses-permission#android.permission.READ_PHONE_STATE
ADDED from src\main\AndroidManifest.xml:16:5-75
	android:name
		ADDED from src\main\AndroidManifest.xml:16:22-72
uses-permission#android.permission.WAKE_LOCK
ADDED from src\main\AndroidManifest.xml:17:5-68
MERGED from [com.evernote:android-job:1.2.1] AndroidManifest.xml:12:5-68
MERGED from [com.evernote:android-job:1.2.1] AndroidManifest.xml:12:5-68
	android:name
		ADDED from src\main\AndroidManifest.xml:17:22-65
uses-permission#android.permission.READ_EXTERNAL_STORAGE
ADDED from src\main\AndroidManifest.xml:18:5-80
	android:name
		ADDED from src\main\AndroidManifest.xml:18:22-77
uses-permission#android.permission.INTERNET
ADDED from src\main\AndroidManifest.xml:19:5-67
MERGED from [com.cloudinary:cloudinary-android:1.24.0] AndroidManifest.xml:11:5-67
MERGED from [com.cloudinary:cloudinary-android:1.24.0] AndroidManifest.xml:11:5-67
	android:name
		ADDED from src\main\AndroidManifest.xml:19:22-64
uses-permission#android.permission.ACCESS_NETWORK_STATE
ADDED from src\main\AndroidManifest.xml:20:5-79
MERGED from [com.evernote:android-job:1.2.1] AndroidManifest.xml:13:5-79
MERGED from [com.evernote:android-job:1.2.1] AndroidManifest.xml:13:5-79
	android:name
		ADDED from src\main\AndroidManifest.xml:20:22-76
uses-permission#android.permission.READ_CONTACTS
ADDED from src\main\AndroidManifest.xml:21:5-72
	android:name
		ADDED from src\main\AndroidManifest.xml:21:22-69
uses-permission#android.permission.READ_PROFILE
ADDED from src\main\AndroidManifest.xml:22:5-71
	android:name
		ADDED from src\main\AndroidManifest.xml:22:22-68
uses-permission#android.permission.ACCESS_COARSE_LOCATION
ADDED from src\main\AndroidManifest.xml:23:5-81
	android:name
		ADDED from src\main\AndroidManifest.xml:23:22-78
uses-permission#android.permission.ACCESS_FINE_LOCATION
ADDED from src\main\AndroidManifest.xml:24:5-79
	android:name
		ADDED from src\main\AndroidManifest.xml:24:22-76
uses-permission#android.permission.VIBRATE
ADDED from src\main\AndroidManifest.xml:25:5-66
	android:name
		ADDED from src\main\AndroidManifest.xml:25:22-63
application
ADDED from src\main\AndroidManifest.xml:27:5-205:19
MERGED from [com.android.support.constraint:constraint-layout:1.1.3] AndroidManifest.xml:9:5-20
MERGED from [com.android.support.constraint:constraint-layout:1.1.3] AndroidManifest.xml:9:5-20
MERGED from [com.cloudinary:cloudinary-android:1.24.0] AndroidManifest.xml:13:5-67
MERGED from [com.cloudinary:cloudinary-android:1.24.0] AndroidManifest.xml:13:5-67
MERGED from [com.journeyapps:zxing-android-embedded:3.4.0] AndroidManifest.xml:45:5-53:19
MERGED from [com.journeyapps:zxing-android-embedded:3.4.0] AndroidManifest.xml:45:5-53:19
MERGED from [com.miguelcatalan:materialsearchview:1.4.0] AndroidManifest.xml:11:5-20
MERGED from [com.miguelcatalan:materialsearchview:1.4.0] AndroidManifest.xml:11:5-20
MERGED from [com.android.support:design:28.0.0] AndroidManifest.xml:22:5-20
MERGED from [com.android.support:design:28.0.0] AndroidManifest.xml:22:5-20
MERGED from [com.afollestad.material-dialogs:core:0.9.6.0] AndroidManifest.xml:13:5-20
MERGED from [com.afollestad.material-dialogs:core:0.9.6.0] AndroidManifest.xml:13:5-20
MERGED from [com.airbnb.android:lottie:2.7.0] AndroidManifest.xml:11:5-20
MERGED from [com.airbnb.android:lottie:2.7.0] AndroidManifest.xml:11:5-20
MERGED from [com.eftimoff:android-pathview:1.0.8] AndroidManifest.xml:12:5-20
MERGED from [com.eftimoff:android-pathview:1.0.8] AndroidManifest.xml:12:5-20
MERGED from [com.patrickpissurno:ripple-effect:1.3.1] AndroidManifest.xml:12:5-20
MERGED from [com.patrickpissurno:ripple-effect:1.3.1] AndroidManifest.xml:12:5-20
MERGED from [android.arch.lifecycle:extensions:1.1.0] AndroidManifest.xml:22:5-28:19
MERGED from [android.arch.lifecycle:extensions:1.1.0] AndroidManifest.xml:22:5-28:19
MERGED from [com.github.vipulasri:timelineview:1.0.6] AndroidManifest.xml:11:5-15:19
MERGED from [com.github.vipulasri:timelineview:1.0.6] AndroidManifest.xml:11:5-15:19
MERGED from [com.android.support:support-compat:28.0.0] AndroidManifest.xml:22:5-94
MERGED from [com.android.support:support-compat:28.0.0] AndroidManifest.xml:22:5-94
MERGED from [com.android.support:versionedparcelable:28.0.0] AndroidManifest.xml:22:5-23:19
MERGED from [com.android.support:versionedparcelable:28.0.0] AndroidManifest.xml:22:5-23:19
MERGED from [com.evernote:android-job:1.2.1] AndroidManifest.xml:16:5-63:19
MERGED from [com.evernote:android-job:1.2.1] AndroidManifest.xml:16:5-63:19
	android:screenOrientation
		ADDED from src\main\AndroidManifest.xml:34:9-45
	android:appComponentFactory
		ADDED from [com.android.support:support-compat:28.0.0] AndroidManifest.xml:22:18-91
	android:supportsRtl
		ADDED from src\main\AndroidManifest.xml:35:9-35
	android:label
		ADDED from src\main\AndroidManifest.xml:32:9-41
	android:fullBackupContent
		ADDED from src\main\AndroidManifest.xml:30:9-59
		REJECTED from [com.cloudinary:cloudinary-android:1.24.0] AndroidManifest.xml:13:18-64
	tools:ignore
		ADDED from [com.evernote:android-job:1.2.1] AndroidManifest.xml:16:18-44
	android:largeHeap
		ADDED from src\main\AndroidManifest.xml:33:9-33
	android:icon
		ADDED from src\main\AndroidManifest.xml:31:9-52
	android:allowBackup
		ADDED from src\main\AndroidManifest.xml:29:9-35
	android:theme
		ADDED from src\main\AndroidManifest.xml:36:9-40
	tools:replace
		ADDED from src\main\AndroidManifest.xml:37:9-50
	android:name
		ADDED from src\main\AndroidManifest.xml:28:9-46
activity#com.gradlic.travelmate.mytrips.TripImageActivity
ADDED from src\main\AndroidManifest.xml:38:9-41:47
	android:configChanges
		ADDED from src\main\AndroidManifest.xml:40:13-59
	android:theme
		ADDED from src\main\AndroidManifest.xml:41:13-44
	android:name
		ADDED from src\main\AndroidManifest.xml:39:13-54
activity#com.gradlic.travelmate.MainActivity
ADDED from src\main\AndroidManifest.xml:42:9-59:20
	android:label
		ADDED from src\main\AndroidManifest.xml:44:13-45
	android:windowSoftInputMode
		ADDED from src\main\AndroidManifest.xml:47:13-55
	android:configChanges
		ADDED from src\main\AndroidManifest.xml:46:13-59
	android:theme
		ADDED from src\main\AndroidManifest.xml:45:13-49
	android:name
		ADDED from src\main\AndroidManifest.xml:43:13-41
intent-filter#action:name:android.intent.action.VIEW+category:name:android.intent.category.BROWSABLE+category:name:android.intent.category.DEFAULT+data:host:project-travel-mate.github.io+data:pathPattern:.*+data:scheme:http+data:scheme:https
ADDED from src\main\AndroidManifest.xml:48:13-58:29
action#android.intent.action.VIEW
ADDED from src\main\AndroidManifest.xml:49:17-69
	android:name
		ADDED from src\main\AndroidManifest.xml:49:25-66
category#android.intent.category.DEFAULT
ADDED from src\main\AndroidManifest.xml:51:17-76
	android:name
		ADDED from src\main\AndroidManifest.xml:51:27-73
category#android.intent.category.BROWSABLE
ADDED from src\main\AndroidManifest.xml:52:17-78
	android:name
		ADDED from src\main\AndroidManifest.xml:52:27-75
data
ADDED from src\main\AndroidManifest.xml:54:17-70
	android:host
		ADDED from src\main\AndroidManifest.xml:54:23-67
	android:scheme
		ADDED from src\main\AndroidManifest.xml:55:23-45
	android:pathPattern
		ADDED from src\main\AndroidManifest.xml:57:23-47
service#utils.GPSTracker
ADDED from src\main\AndroidManifest.xml:61:9-63:38
	android:enabled
		ADDED from src\main\AndroidManifest.xml:63:13-35
	android:name
		ADDED from src\main\AndroidManifest.xml:62:13-44
activity#com.gradlic.travelmate.utilities.ChecklistActivity
ADDED from src\main\AndroidManifest.xml:65:9-68:54
	android:label
		ADDED from src\main\AndroidManifest.xml:67:13-63
	android:theme
		ADDED from src\main\AndroidManifest.xml:68:13-51
	android:name
		ADDED from src\main\AndroidManifest.xml:66:13-56
activity#com.gradlic.travelmate.travel.ShoppingCurrentCityActivity
ADDED from src\main\AndroidManifest.xml:69:9-72:54
	android:label
		ADDED from src\main\AndroidManifest.xml:71:13-72
	android:theme
		ADDED from src\main\AndroidManifest.xml:72:13-51
	android:name
		ADDED from src\main\AndroidManifest.xml:70:13-63
activity#com.gradlic.travelmate.travel.HotelsActivity
ADDED from src\main\AndroidManifest.xml:73:9-77:54
	android:label
		ADDED from src\main\AndroidManifest.xml:76:13-58
	android:configChanges
		ADDED from src\main\AndroidManifest.xml:75:13-59
	android:theme
		ADDED from src\main\AndroidManifest.xml:77:13-51
	android:name
		ADDED from src\main\AndroidManifest.xml:74:13-50
activity#com.gradlic.travelmate.travel.MapViewRealTimeActivity
ADDED from src\main\AndroidManifest.xml:78:9-81:54
	android:label
		ADDED from src\main\AndroidManifest.xml:80:13-55
	android:theme
		ADDED from src\main\AndroidManifest.xml:81:13-51
	android:name
		ADDED from src\main\AndroidManifest.xml:79:13-59
activity#com.gradlic.travelmate.SplashActivity
ADDED from src\main\AndroidManifest.xml:82:9-95:20
	android:label
		ADDED from src\main\AndroidManifest.xml:84:13-45
	android:theme
		ADDED from src\main\AndroidManifest.xml:85:13-49
	android:name
		ADDED from src\main\AndroidManifest.xml:83:13-43
intent-filter#action:name:android.intent.action.MAIN+category:name:android.intent.category.LAUNCHER
ADDED from src\main\AndroidManifest.xml:86:13-90:29
action#android.intent.action.MAIN
ADDED from src\main\AndroidManifest.xml:87:17-69
	android:name
		ADDED from src\main\AndroidManifest.xml:87:25-66
category#android.intent.category.LAUNCHER
ADDED from src\main\AndroidManifest.xml:89:17-77
	android:name
		ADDED from src\main\AndroidManifest.xml:89:27-74
meta-data#android.app.shortcuts
ADDED from src\main\AndroidManifest.xml:92:13-94:53
	android:resource
		ADDED from src\main\AndroidManifest.xml:94:17-50
	android:name
		ADDED from src\main\AndroidManifest.xml:93:17-53
activity#com.gradlic.travelmate.destinations.funfacts.FunFactsActivity
ADDED from src\main\AndroidManifest.xml:96:9-99:54
	android:label
		ADDED from src\main\AndroidManifest.xml:98:13-61
	android:theme
		ADDED from src\main\AndroidManifest.xml:99:13-51
	android:name
		ADDED from src\main\AndroidManifest.xml:97:13-67
activity#com.gradlic.travelmate.utilities.ShareContactActivity
ADDED from src\main\AndroidManifest.xml:100:9-68
	android:name
		ADDED from src\main\AndroidManifest.xml:100:19-65
activity#com.gradlic.travelmate.login.LoginActivity
ADDED from src\main\AndroidManifest.xml:101:9-105:54
	android:label
		ADDED from src\main\AndroidManifest.xml:103:13-57
	android:windowSoftInputMode
		ADDED from src\main\AndroidManifest.xml:105:13-52
	android:theme
		ADDED from src\main\AndroidManifest.xml:104:13-49
	android:name
		ADDED from src\main\AndroidManifest.xml:102:13-48
activity#com.gradlic.travelmate.destinations.description.FinalCityInfoActivity
ADDED from src\main\AndroidManifest.xml:106:9-108:52
	android:theme
		ADDED from src\main\AndroidManifest.xml:108:13-49
	android:name
		ADDED from src\main\AndroidManifest.xml:107:13-75
activity#com.gradlic.travelmate.destinations.description.PlacesOnMapActivity
ADDED from src\main\AndroidManifest.xml:109:9-82
	android:name
		ADDED from src\main\AndroidManifest.xml:109:19-79
activity#com.gradlic.travelmate.mytrips.AddNewTripActivity
ADDED from src\main\AndroidManifest.xml:110:9-64
	android:name
		ADDED from src\main\AndroidManifest.xml:110:19-61
activity#com.gradlic.travelmate.mytrips.MyTripInfoActivity
ADDED from src\main\AndroidManifest.xml:111:9-114:57
	android:windowSoftInputMode
		ADDED from src\main\AndroidManifest.xml:114:13-54
	android:theme
		ADDED from src\main\AndroidManifest.xml:113:13-49
	android:name
		ADDED from src\main\AndroidManifest.xml:112:13-55
activity#com.gradlic.travelmate.destinations.description.TweetsActivity
ADDED from src\main\AndroidManifest.xml:115:9-77
	android:name
		ADDED from src\main\AndroidManifest.xml:115:19-74
activity#com.gradlic.travelmate.VerifyEmailActivity
ADDED from src\main\AndroidManifest.xml:116:9-119:52
	android:label
		ADDED from src\main\AndroidManifest.xml:118:13-49
	android:theme
		ADDED from src\main\AndroidManifest.xml:119:13-49
	android:name
		ADDED from src\main\AndroidManifest.xml:117:13-48
provider#android.support.v4.content.FileProvider
ADDED from src\main\AndroidManifest.xml:121:9-129:20
	android:grantUriPermissions
		ADDED from src\main\AndroidManifest.xml:125:13-47
	android:authorities
		ADDED from src\main\AndroidManifest.xml:123:13-65
	android:exported
		ADDED from src\main\AndroidManifest.xml:124:13-37
	android:name
		ADDED from src\main\AndroidManifest.xml:122:13-67
meta-data#android.support.FILE_PROVIDER_PATHS
ADDED from src\main\AndroidManifest.xml:126:13-128:58
	android:resource
		ADDED from src\main\AndroidManifest.xml:128:17-55
	android:name
		ADDED from src\main\AndroidManifest.xml:127:17-67
activity#com.gradlic.travelmate.ProfileActivity
ADDED from src\main\AndroidManifest.xml:131:9-132:68
	android:configChanges
		ADDED from src\main\AndroidManifest.xml:132:19-65
	android:name
		ADDED from src\main\AndroidManifest.xml:131:19-50
activity#com.gradlic.travelmate.friend.FriendsProfileActivity
ADDED from src\main\AndroidManifest.xml:133:9-67
	android:name
		ADDED from src\main\AndroidManifest.xml:133:19-64
activity#com.gradlic.travelmate.notifications.NotificationsActivity
ADDED from src\main\AndroidManifest.xml:134:9-73
	android:name
		ADDED from src\main\AndroidManifest.xml:134:19-70
activity#com.gradlic.travelmate.FullScreenImage
ADDED from src\main\AndroidManifest.xml:135:9-137:60
	android:theme
		ADDED from src\main\AndroidManifest.xml:137:13-57
	android:name
		ADDED from src\main\AndroidManifest.xml:136:13-44
activity#com.gradlic.travelmate.utilities.WeatherForecastActivity
ADDED from src\main\AndroidManifest.xml:138:9-71
	android:name
		ADDED from src\main\AndroidManifest.xml:138:19-68
activity#com.gradlic.travelmate.utilities.CompassActivity
ADDED from src\main\AndroidManifest.xml:139:9-63
	android:name
		ADDED from src\main\AndroidManifest.xml:139:19-60
activity#com.gradlic.travelmate.utilities.CurrencyActivity
ADDED from src\main\AndroidManifest.xml:140:9-64
	android:name
		ADDED from src\main\AndroidManifest.xml:140:19-61
activity#com.gradlic.travelmate.utilities.WorldClockActivity
ADDED from src\main\AndroidManifest.xml:141:9-66
	android:name
		ADDED from src\main\AndroidManifest.xml:141:19-63
activity#com.gradlic.travelmate.utilities.CurrencyListViewActivity
ADDED from src\main\AndroidManifest.xml:142:9-72
	android:name
		ADDED from src\main\AndroidManifest.xml:142:19-69
activity#com.gradlic.travelmate.utilities.TimezoneListViewActivity
ADDED from src\main\AndroidManifest.xml:143:9-72
	android:name
		ADDED from src\main\AndroidManifest.xml:143:19-69
activity#com.gradlic.travelmate.destinations.description.WeatherActivity
ADDED from src\main\AndroidManifest.xml:144:9-78
	android:name
		ADDED from src\main\AndroidManifest.xml:144:19-75
activity#com.gradlic.travelmate.utilities.UpcomingWeekendsActivity
ADDED from src\main\AndroidManifest.xml:145:9-72
	android:name
		ADDED from src\main\AndroidManifest.xml:145:19-69
activity#com.gradlic.travelmate.destinations.description.CityHistoryActivity
ADDED from src\main\AndroidManifest.xml:146:9-82
	android:name
		ADDED from src\main\AndroidManifest.xml:146:19-79
activity#com.gradlic.travelmate.destinations.description.CityMapActivity
ADDED from src\main\AndroidManifest.xml:147:9-78
	android:name
		ADDED from src\main\AndroidManifest.xml:147:19-75
activity#com.gradlic.travelmate.travel.ListViewRealTimeActivity
ADDED from src\main\AndroidManifest.xml:148:9-69
	android:name
		ADDED from src\main\AndroidManifest.xml:148:19-66
activity#com.gradlic.travelmate.destinations.description.RestaurantsActivity
ADDED from src\main\AndroidManifest.xml:149:9-82
	android:name
		ADDED from src\main\AndroidManifest.xml:149:19-79
activity#com.gradlic.travelmate.destinations.description.TweetsDescriptionActivity
ADDED from src\main\AndroidManifest.xml:150:9-88
	android:name
		ADDED from src\main\AndroidManifest.xml:150:19-85
activity#com.theartofdev.edmodo.cropper.CropImageActivity
ADDED from src\main\AndroidManifest.xml:151:9-85
	android:name
		ADDED from src\main\AndroidManifest.xml:151:19-82
activity#com.gradlic.travelmate.utilities.QuotesActivity
ADDED from src\main\AndroidManifest.xml:152:9-154:11
	android:theme
		ADDED from src\main\AndroidManifest.xml:153:13-63
	android:name
		ADDED from src\main\AndroidManifest.xml:152:19-59
activity#com.gradlic.travelmate.DeleteProfilePictureActivity
ADDED from src\main\AndroidManifest.xml:155:9-165:20
	android:label
		ADDED from src\main\AndroidManifest.xml:158:13-49
	android:icon
		ADDED from src\main\AndroidManifest.xml:157:13-53
	android:theme
		ADDED from src\main\AndroidManifest.xml:159:13-59
	android:name
		ADDED from src\main\AndroidManifest.xml:156:13-57
intent-filter#action:name:android.intent.action.DELETE+category:name:android.intent.category.DEFAULT
ADDED from src\main\AndroidManifest.xml:160:13-164:29
action#android.intent.action.DELETE
ADDED from src\main\AndroidManifest.xml:161:17-71
	android:name
		ADDED from src\main\AndroidManifest.xml:161:25-68
activity#com.gradlic.travelmate.destinations.description.RestaurantDetailsActivity
ADDED from src\main\AndroidManifest.xml:166:9-168:52
	android:theme
		ADDED from src\main\AndroidManifest.xml:168:13-49
	android:name
		ADDED from src\main\AndroidManifest.xml:167:13-79
receiver#widget.CheckListWidgetProvider
ADDED from src\main\AndroidManifest.xml:170:9-180:20
	android:name
		ADDED from src\main\AndroidManifest.xml:170:19-64
intent-filter#action:name:android.appwidget.action.APPWIDGET_UPDATE
ADDED from src\main\AndroidManifest.xml:171:13-175:29
action#android.appwidget.action.APPWIDGET_UPDATE
ADDED from src\main\AndroidManifest.xml:174:17-84
	android:name
		ADDED from src\main\AndroidManifest.xml:174:25-81
meta-data#android.appwidget.provider
ADDED from src\main\AndroidManifest.xml:177:13-179:65
	android:resource
		ADDED from src\main\AndroidManifest.xml:179:17-62
	android:name
		ADDED from src\main\AndroidManifest.xml:178:17-58
service#widget.CheckListWidgetService
ADDED from src\main\AndroidManifest.xml:182:9-184:72
	android:permission
		ADDED from src\main\AndroidManifest.xml:184:13-69
	android:name
		ADDED from src\main\AndroidManifest.xml:183:13-57
meta-data#preloaded_fonts
ADDED from src\main\AndroidManifest.xml:186:9-188:57
	android:resource
		ADDED from src\main\AndroidManifest.xml:188:13-54
	android:name
		ADDED from src\main\AndroidManifest.xml:187:13-43
receiver#widget.ClockWidget
ADDED from src\main\AndroidManifest.xml:190:9-198:20
	android:name
		ADDED from src\main\AndroidManifest.xml:190:19-52
activity#widget.ClockWidgetConfigureActivity
ADDED from src\main\AndroidManifest.xml:200:9-204:20
	android:name
		ADDED from src\main\AndroidManifest.xml:200:19-69
intent-filter#action:name:android.appwidget.action.APPWIDGET_CONFIGURE
ADDED from src\main\AndroidManifest.xml:201:13-203:29
action#android.appwidget.action.APPWIDGET_CONFIGURE
ADDED from src\main\AndroidManifest.xml:202:17-87
	android:name
		ADDED from src\main\AndroidManifest.xml:202:25-84
uses-sdk
INJECTED from src\main\AndroidManifest.xml reason: use-sdk injection requested
INJECTED from src\main\AndroidManifest.xml
INJECTED from src\main\AndroidManifest.xml
MERGED from [com.android.support.constraint:constraint-layout:1.1.3] AndroidManifest.xml:5:5-7:41
MERGED from [com.android.support.constraint:constraint-layout:1.1.3] AndroidManifest.xml:5:5-7:41
MERGED from [com.github.dmytrodanylyk.android-process-button:library:1.0.4] AndroidManifest.xml:8:5-10:41
MERGED from [com.github.dmytrodanylyk.android-process-button:library:1.0.4] AndroidManifest.xml:8:5-10:41
MERGED from [com.cloudinary:cloudinary-android:1.24.0] AndroidManifest.xml:7:5-9:41
MERGED from [com.cloudinary:cloudinary-android:1.24.0] AndroidManifest.xml:7:5-9:41
MERGED from [com.journeyapps:zxing-android-embedded:3.4.0] AndroidManifest.xml:19:5-43
MERGED from [com.journeyapps:zxing-android-embedded:3.4.0] AndroidManifest.xml:19:5-43
MERGED from [com.android.support:support-v4:28.0.0] AndroidManifest.xml:20:5-44
MERGED from [com.android.support:support-v4:28.0.0] AndroidManifest.xml:20:5-44
MERGED from [com.miguelcatalan:materialsearchview:1.4.0] AndroidManifest.xml:7:5-9:41
MERGED from [com.miguelcatalan:materialsearchview:1.4.0] AndroidManifest.xml:7:5-9:41
MERGED from [com.android.support:design:28.0.0] AndroidManifest.xml:20:5-44
MERGED from [com.android.support:design:28.0.0] AndroidManifest.xml:20:5-44
MERGED from [com.afollestad.material-dialogs:core:0.9.6.0] AndroidManifest.xml:8:5-11:75
MERGED from [com.afollestad.material-dialogs:core:0.9.6.0] AndroidManifest.xml:8:5-11:75
MERGED from [io.github.tonnyl:whatsnew:0.1.1] AndroidManifest.xml:8:5-11:72
MERGED from [io.github.tonnyl:whatsnew:0.1.1] AndroidManifest.xml:8:5-11:72
MERGED from [com.android.support:recyclerview-v7:28.0.0] AndroidManifest.xml:20:5-44
MERGED from [com.android.support:recyclerview-v7:28.0.0] AndroidManifest.xml:20:5-44
MERGED from [com.github.blongho:world-country-data:v1.1.0] AndroidManifest.xml:7:5-9:41
MERGED from [com.github.blongho:world-country-data:v1.1.0] AndroidManifest.xml:7:5-9:41
MERGED from [com.android.support:cardview-v7:28.0.0] AndroidManifest.xml:20:5-44
MERGED from [com.android.support:cardview-v7:28.0.0] AndroidManifest.xml:20:5-44
MERGED from [com.airbnb.android:lottie:2.7.0] AndroidManifest.xml:7:5-9:41
MERGED from [com.airbnb.android:lottie:2.7.0] AndroidManifest.xml:7:5-9:41
MERGED from [com.github.takusemba:spotlight:1.6.1] AndroidManifest.xml:7:5-9:41
MERGED from [com.github.takusemba:spotlight:1.6.1] AndroidManifest.xml:7:5-9:41
MERGED from [com.theartofdev.edmodo:android-image-cropper:2.7.0] AndroidManifest.xml:7:5-9:41
MERGED from [com.theartofdev.edmodo:android-image-cropper:2.7.0] AndroidManifest.xml:7:5-9:41
MERGED from [me.zhanghai.android.materialprogressbar:library:1.4.2] AndroidManifest.xml:12:5-14:41
MERGED from [me.zhanghai.android.materialprogressbar:library:1.4.2] AndroidManifest.xml:12:5-14:41